build/outputs/logs/manifest-merger-debug-report.txt
-- Merging decision tree log ---
manifest
ADDED from src/main/AndroidManifest.xml:2:1-64:12
	package
		ADDED from src/main/AndroidManifest.xml:3:7-40
		INJECTED from src/main/AndroidManifest.xml
		INJECTED from src/main/AndroidManifest.xml
	android:versionName
		ADDED from src/main/AndroidManifest.xml:5:7-34
		INJECTED from src/main/AndroidManifest.xml
		INJECTED from src/main/AndroidManifest.xml
	android:versionCode
		ADDED from src/main/AndroidManifest.xml:4:7-32
		INJECTED from src/main/AndroidManifest.xml
		INJECTED from src/main/AndroidManifest.xml
	xmlns:android
		ADDED from src/main/AndroidManifest.xml:2:11-69
application
ADDED from src/main/AndroidManifest.xml:6:5-57:19
	android:label
		ADDED from src/main/AndroidManifest.xml:6:48-80
	android:icon
		ADDED from src/main/AndroidManifest.xml:6:18-47
activity#leeon.mobile.BBSBrowser.BrowserActivity
ADDED from src/main/AndroidManifest.xml:7:9-13:20
	android:label
		ADDED from src/main/AndroidManifest.xml:8:10-42
	android:configChanges
		ADDED from src/main/AndroidManifest.xml:8:43-93
	android:name
		ADDED from src/main/AndroidManifest.xml:7:19-50
intent-filter#android.intent.action.MAIN+android.intent.category.LAUNCHER
ADDED from src/main/AndroidManifest.xml:9:13-12:29
action#android.intent.action.MAIN
ADDED from src/main/AndroidManifest.xml:10:17-69
	android:name
		ADDED from src/main/AndroidManifest.xml:10:25-66
category#android.intent.category.LAUNCHER
ADDED from src/main/AndroidManifest.xml:11:17-77
	android:name
		ADDED from src/main/AndroidManifest.xml:11:27-74
activity#leeon.mobile.BBSBrowser.BoardTabActivity
ADDED from src/main/AndroidManifest.xml:15:9-17:20
	android:label
		ADDED from src/main/AndroidManifest.xml:16:10-47
	android:configChanges
		ADDED from src/main/AndroidManifest.xml:16:48-98
	android:name
		ADDED from src/main/AndroidManifest.xml:15:19-51
activity#leeon.mobile.BBSBrowser.BoardListActivity
ADDED from src/main/AndroidManifest.xml:19:9-20:20
	android:configChanges
		ADDED from src/main/AndroidManifest.xml:19:53-103
	android:name
		ADDED from src/main/AndroidManifest.xml:19:19-52
activity#leeon.mobile.BBSBrowser.DocListActivity
ADDED from src/main/AndroidManifest.xml:22:9-23:20
	android:configChanges
		ADDED from src/main/AndroidManifest.xml:22:51-101
	android:name
		ADDED from src/main/AndroidManifest.xml:22:19-50
activity#leeon.mobile.BBSBrowser.ContentListActivity
ADDED from src/main/AndroidManifest.xml:25:9-26:20
	android:configChanges
		ADDED from src/main/AndroidManifest.xml:25:55-105
	android:name
		ADDED from src/main/AndroidManifest.xml:25:19-54
activity#leeon.mobile.BBSBrowser.ContentDrawingActivity
ADDED from src/main/AndroidManifest.xml:28:9-29:20
	android:name
		ADDED from src/main/AndroidManifest.xml:28:19-57
activity#leeon.mobile.BBSBrowser.SettingActivity
ADDED from src/main/AndroidManifest.xml:31:9-32:20
	android:name
		ADDED from src/main/AndroidManifest.xml:31:19-50
activity#leeon.mobile.BBSBrowser.MailDetailActivity
ADDED from src/main/AndroidManifest.xml:34:9-35:20
	android:configChanges
		ADDED from src/main/AndroidManifest.xml:34:54-104
	android:name
		ADDED from src/main/AndroidManifest.xml:34:19-53
activity#leeon.mobile.BBSBrowser.ContentDetailActivity
ADDED from src/main/AndroidManifest.xml:37:9-38:20
	android:configChanges
		ADDED from src/main/AndroidManifest.xml:37:57-107
	android:name
		ADDED from src/main/AndroidManifest.xml:37:19-56
activity#leeon.mobile.BBSBrowser.SearchDocListActivity
ADDED from src/main/AndroidManifest.xml:40:9-41:20
	android:configChanges
		ADDED from src/main/AndroidManifest.xml:40:57-107
	android:name
		ADDED from src/main/AndroidManifest.xml:40:19-56
activity#leeon.mobile.BBSBrowser.PathListActivity
ADDED from src/main/AndroidManifest.xml:43:9-44:20
	android:configChanges
		ADDED from src/main/AndroidManifest.xml:43:52-102
	android:name
		ADDED from src/main/AndroidManifest.xml:43:19-51
activity#leeon.mobile.BBSBrowser.PathContentActivity
ADDED from src/main/AndroidManifest.xml:46:9-47:20
	android:configChanges
		ADDED from src/main/AndroidManifest.xml:46:55-105
	android:name
		ADDED from src/main/AndroidManifest.xml:46:19-54
activity#leeon.mobile.BBSBrowser.ImageDetailActivity
ADDED from src/main/AndroidManifest.xml:49:9-50:20
	android:name
		ADDED from src/main/AndroidManifest.xml:49:19-54
activity#leeon.mobile.BBSBrowser.GIFViewActivity
ADDED from src/main/AndroidManifest.xml:52:9-53:20
	android:name
		ADDED from src/main/AndroidManifest.xml:52:19-50
activity#leeon.mobile.BBSBrowser.OtherBoardTabActivity
ADDED from src/main/AndroidManifest.xml:55:9-56:20
	android:configChanges
		ADDED from src/main/AndroidManifest.xml:55:57-107
	android:name
		ADDED from src/main/AndroidManifest.xml:55:19-56
supports-screens
ADDED from src/main/AndroidManifest.xml:58:5-61:36
	android:largeScreens
		ADDED from src/main/AndroidManifest.xml:60:9-36
	android:smallScreens
		ADDED from src/main/AndroidManifest.xml:58:23-50
	android:normalScreens
		ADDED from src/main/AndroidManifest.xml:59:9-37
	android:anyDensity
		ADDED from src/main/AndroidManifest.xml:61:9-34
uses-permission#android.permission.INTERNET
ADDED from src/main/AndroidManifest.xml:62:5-67
	android:name
		ADDED from src/main/AndroidManifest.xml:62:22-64
uses-permission#android.permission.ACCESS_NETWORK_STATE
ADDED from src/main/AndroidManifest.xml:63:5-79
	android:name
		ADDED from src/main/AndroidManifest.xml:63:22-76